<?xml version="1.0" encoding="UTF-8"?>
<!-- Generated by org.testng.reporters.JUnitReportReporter -->
<testsuite skipped="0" hostname="DESKTOP-NALDS22" name="mini_Project.Checkbox_Verification" tests="24" failures="0" timestamp="2021-06-30T01:32:55 IST" time="25.384" errors="0">
  <testcase name="Tc001" time="0.402" classname="mini_Project.Checkbox_Verification"/>
  <system-out>
    <![CDATA[Checkbox Button is Diplayed at Webpage
Checkbox Button is Enabled at Webpage
Expected text is Displayed at webpage : Check Box]]>
  </system-out>
  <testcase name="Tc002" time="0.167" classname="mini_Project.Checkbox_Verification"/>
  <system-out>
    <![CDATA[Home Toggle Button is Diplayed at Webpage
Home Toggle Button is Enabled at Webpage]]>
  </system-out>
  <testcase name="Tc003" time="0.336" classname="mini_Project.Checkbox_Verification"/>
  <system-out>
    <![CDATA[Home Check Box is Diplayed at Webpage
Home Check Box is Enabled at Webpage
Expected text is Displayed at webpage : Home
By Default Home check box is not selected, it should not be selected by default
By clicking on Home check box it is selected ]]>
  </system-out>
  <testcase name="Tc004" time="0.155" classname="mini_Project.Checkbox_Verification"/>
  <system-out>
    <![CDATA[Desktop Toggle Button is Diplayed at Webpage
Desktop Toggle Button is Enabled at Webpage]]>
  </system-out>
  <testcase name="Tc005" time="5.398" classname="mini_Project.Checkbox_Verification"/>
  <system-out>
    <![CDATA[Desktop Check Box is Diplayed at Webpage
Desktop Check Box is Enabled at Webpage
Expected text is Displayed at webpage : Desktop
By Default Desktop check box is not selected, it should not be selected by default
By clicking on Desktop check box it is selected ]]>
  </system-out>
  <testcase name="Tc006" time="5.387" classname="mini_Project.Checkbox_Verification"/>
  <system-out>
    <![CDATA[Notes Check Box is Diplayed at Webpage
Notes Check Box is Enabled at Webpage
Expected text is Displayed at webpage : Notes
By Default Notes check box is not selected, it should not be selected by default
By clicking on Notes check box it is selected ]]>
  </system-out>
  <testcase name="Tc007" time="5.389" classname="mini_Project.Checkbox_Verification"/>
  <system-out>
    <![CDATA[Commands Check Box is Diplayed at Webpage
Commands Check Box is Enabled at Webpage
Expected text is Displayed at webpage : Commands
By Default Commands check box is not selected, it should not be selected by default
By clicking on Commands check box it is selected ]]>
  </system-out>
  <testcase name="Tc008" time="0.175" classname="mini_Project.Checkbox_Verification"/>
  <system-out>
    <![CDATA[Documents Toggle Button is Diplayed at Webpage
Documents Toggle Button is Enabled at Webpage]]>
  </system-out>
  <testcase name="Tc009" time="0.335" classname="mini_Project.Checkbox_Verification"/>
  <system-out>
    <![CDATA[Documents Check Box is Diplayed at Webpage
Documents Check Box is Enabled at Webpage
Expected text is Displayed at webpage : Documents
By Default Documents check box is not selected, it should not be selected by default
By clicking on Documents check box it is selected ]]>
  </system-out>
  <testcase name="Tc0010" time="0.152" classname="mini_Project.Checkbox_Verification"/>
  <system-out>
    <![CDATA[WorkSpace Toggle Button is Diplayed at Webpage
WorkSpace Toggle Button is Enabled at Webpage]]>
  </system-out>
  <testcase name="Tc0011" time="0.365" classname="mini_Project.Checkbox_Verification"/>
  <system-out>
    <![CDATA[WorkSpace Check Box is Diplayed at Webpage
WorkSpace Check Box is Enabled at Webpage
Expected text is Displayed at webpage : WorkSpace
By Default WorkSpace check box is not selected, it should not be selected by default
By clicking on WorkSpace check box it is selected ]]>
  </system-out>
  <testcase name="Tc0012" time="0.331" classname="mini_Project.Checkbox_Verification"/>
  <system-out>
    <![CDATA[React Check Box is Diplayed at Webpage
React Check Box is Enabled at Webpage
Expected text is Displayed at webpage : React
By Default React check box is not selected, it should not be selected by default
By clicking on React check box it is selected ]]>
  </system-out>
  <testcase name="Tc0013" time="3.352" classname="mini_Project.Checkbox_Verification"/>
  <system-out>
    <![CDATA[Angular Check Box is Diplayed at Webpage
Angular Check Box is Enabled at Webpage
Expected text is Displayed at webpage : Angular
By Default Angular check box is not selected, it should not be selected by default
By clicking on Angular check box it is selected ]]>
  </system-out>
  <testcase name="Tc0014" time="0.395" classname="mini_Project.Checkbox_Verification"/>
  <system-out>
    <![CDATA[Veu Check Box is Diplayed at Webpage
Veu Check Box is Enabled at Webpage
Expected text is Displayed at webpage : Veu
By Default Veu check box is not selected, it should not be selected by default
By clicking on Veu check box it is selected ]]>
  </system-out>
  <testcase name="Tc0015" time="0.149" classname="mini_Project.Checkbox_Verification"/>
  <system-out>
    <![CDATA[Office Toggle Button is Diplayed at Webpage
Office Toggle Button is Enabled at Webpage]]>
  </system-out>
  <testcase name="Tc0016" time="0.346" classname="mini_Project.Checkbox_Verification"/>
  <system-out>
    <![CDATA[Office Check Box is Diplayed at Webpage
Office Check Box is Enabled at Webpage
Expected text is Displayed at webpage : Office
By Default Office check box is not selected, it should not be selected by default
By clicking on Office check box it is selected ]]>
  </system-out>
  <testcase name="Tc0017" time="0.338" classname="mini_Project.Checkbox_Verification"/>
  <system-out>
    <![CDATA[Public Check Box is Diplayed at Webpage
Public Check Box is Enabled at Webpage
Expected text is Displayed at webpage : Public
By Default Public check box is not selected, it should not be selected by default
By clicking on Public check box it is selected ]]>
  </system-out>
  <testcase name="Tc0018" time="0.358" classname="mini_Project.Checkbox_Verification"/>
  <system-out>
    <![CDATA[Private Check Box is Diplayed at Webpage
Private Check Box is Enabled at Webpage
Expected text is Displayed at webpage : Private
By Default Private check box is not selected, it should not be selected by default
By clicking on Private check box it is selected ]]>
  </system-out>
  <testcase name="Tc0019" time="0.326" classname="mini_Project.Checkbox_Verification"/>
  <system-out>
    <![CDATA[Classified Check Box is Diplayed at Webpage
Classified Check Box is Enabled at Webpage
Expected text is Displayed at webpage : Classified
By Default Classified check box is not selected, it should not be selected by default
By clicking on Classified check box it is selected ]]>
  </system-out>
  <testcase name="Tc0020" time="0.343" classname="mini_Project.Checkbox_Verification"/>
  <system-out>
    <![CDATA[General Check Box is Diplayed at Webpage
General Check Box is Enabled at Webpage
Expected text is Displayed at webpage : General
By Default General check box is not selected, it should not be selected by default
By clicking on General check box it is selected ]]>
  </system-out>
  <testcase name="Tc0021" time="0.153" classname="mini_Project.Checkbox_Verification"/>
  <system-out>
    <![CDATA[Downloads Toggle Button is Diplayed at Webpage
Downloads Toggle Button is Enabled at Webpage]]>
  </system-out>
  <testcase name="Tc0022" time="0.345" classname="mini_Project.Checkbox_Verification"/>
  <system-out>
    <![CDATA[Downloads Check Box is Diplayed at Webpage
Downloads Check Box is Enabled at Webpage
Expected text is Displayed at webpage : Downloads
By Default Downloads check box is not selected, it should not be selected by default
By clicking on Downloads check box it is selected ]]>
  </system-out>
  <testcase name="Tc0023" time="0.328" classname="mini_Project.Checkbox_Verification"/>
  <system-out>
    <![CDATA[WordFile Check Box is Diplayed at Webpage
WordFile Check Box is Enabled at Webpage
Expected text is Displayed at webpage : Word File.doc
By Default WordFile check box is not selected, it should not be selected by default
By clicking on WordFile check box it is selected ]]>
  </system-out>
  <testcase name="Tc0024" time="0.359" classname="mini_Project.Checkbox_Verification"/>
  <system-out>
    <![CDATA[ExcelFile Check Box is Diplayed at Webpage
ExcelFile Check Box is Enabled at Webpage
Expected text is Displayed at webpage : Excel File.doc
By Default ExcelFile check box is not selected, it should not be selected by default
By clicking on ExcelFile check box it is selected ]]>
  </system-out>
</testsuite> <!-- mini_Project.Checkbox_Verification -->
