<?xml version="1.0" encoding="UTF-8"?>
<!-- Generated by org.testng.reporters.JUnitReportReporter -->
<testsuite skipped="0" hostname="DESKTOP-NALDS22" name="mini_Project.Element_Textbox_Verification" tests="12" failures="0" timestamp="2021-06-30T01:32:55 IST" time="8.648" errors="0">
  <testcase name="Tc001" time="3.747" classname="mini_Project.Element_Textbox_Verification"/>
  <system-out>
    <![CDATA[Element Btn is Displayed at Webpage
Element Btn is Enabled at Webpage
Expected Text is Displayed at Webpage : Elements
 ]]>
  </system-out>
  <testcase name="Tc002" time="0.285" classname="mini_Project.Element_Textbox_Verification"/>
  <system-out>
    <![CDATA[Textbox Btn is displayed at webpage
Textbox Btn is Enabled at webpage
Expected Text is Displayed at Webpage : Text Box
Successfully landed on Expected Page : https://demoqa.com/text-box]]>
  </system-out>
  <testcase name="Tc003" time="0.146" classname="mini_Project.Element_Textbox_Verification"/>
  <system-out>
    <![CDATA[FullName Label is Displayed at Webpage
Expected Text is Displayed at Webpage : Full Name]]>
  </system-out>
  <testcase name="Tc004" time="0.738" classname="mini_Project.Element_Textbox_Verification"/>
  <system-out>
    <![CDATA[FullName Editbox is Displayed at Webpage
FullName Editbox is Enabled at Webpage
Expected label name inside editbox is Displayed at Webpage : Full Name
User typed text is Presented in Editbox : Saitharun Sakkaram]]>
  </system-out>
  <testcase name="Tc005" time="0.103" classname="mini_Project.Element_Textbox_Verification"/>
  <system-out>
    <![CDATA[Email Label is Displayed at Webpage
Expected Text is Displayed at Webpage : Email]]>
  </system-out>
  <testcase name="Tc006" time="0.410" classname="mini_Project.Element_Textbox_Verification"/>
  <system-out>
    <![CDATA[Email Editbox is Displayed at Webpage
Email Editbox is Enabled at Webpage
Expected label name inside editbox is Displayed at Webpage : name@example.com
User typed text is Presented in Editbox : sakkaramsaitharun.144@gmail.com]]>
  </system-out>
  <testcase name="Tc007" time="0.100" classname="mini_Project.Element_Textbox_Verification"/>
  <system-out>
    <![CDATA[CurrentAddress Label is Displayed at Webpage
Expected Text is Displayed at Webpage : Current Address]]>
  </system-out>
  <testcase name="Tc008" time="0.422" classname="mini_Project.Element_Textbox_Verification"/>
  <system-out>
    <![CDATA[CurrentAddress Editbox is Displayed at Webpage
CurrentAddress Editbox is Enabled at Webpage
Expected label name inside editbox is Displayed at Webpage : Current Address
User typed text is Presented in Editbox : Bheerappagadda,uppal,500039]]>
  </system-out>
  <testcase name="Tc009" time="0.086" classname="mini_Project.Element_Textbox_Verification"/>
  <system-out>
    <![CDATA[PermanentAddress Label is Displayed at Webpage
Expected Text is Displayed at Webpage : Permanent Address]]>
  </system-out>
  <testcase name="Tc0010" time="0.381" classname="mini_Project.Element_Textbox_Verification"/>
  <system-out>
    <![CDATA[PermanentAddress Editbox is Displayed at Webpage
PermanentAddress Editbox is Enabled at Webpage
Expected label name inside editbox is Displayed at Webpage : 
User typed text is Presented in Editbox : Basheerabad,Nizamabad,503225]]>
  </system-out>
  <testcase name="Tc0011" time="2.180" classname="mini_Project.Element_Textbox_Verification"/>
  <system-out>
    <![CDATA[Submit_Btn Btn is displayed at webpage
Submit_Btn Btn is Enabled at webpage
Expected Text is Displayed at Webpage : Submit]]>
  </system-out>
  <testcase name="Tc0012" time="0.050" classname="mini_Project.Element_Textbox_Verification"/>
  <system-out>
    <![CDATA[Name:Saitharun Sakkaram
Email:sakkaramsaitharun.144@gmail.com
Current Address :Bheerappagadda,uppal,500039
Permananet Address :Basheerabad,Nizamabad,503225]]>
  </system-out>
</testsuite> <!-- mini_Project.Element_Textbox_Verification -->
