<?xml version="1.0" encoding="UTF-8"?>
<!-- Generated by org.testng.reporters.JUnitReportReporter -->
<testsuite skipped="0" hostname="DESKTOP-NALDS22" name="testNG_Framework.First_Test_in_Testng" tests="2" failures="0" timestamp="2021-06-24T01:06:53 IST" time="4.019" errors="0">
  <testcase name="registration" time="1.422" classname="testNG_Framework.First_Test_in_Testng"/>
  <system-out/>
  <testcase name="registration" time="2.597" classname="testNG_Framework.First_Test_in_Testng"/>
  <system-out/>
</testsuite> <!-- testNG_Framework.First_Test_in_Testng -->
